The system has recognised ['Georgakopoulos'] at 14:02:33
The system has recognised ['Georgakopoulos'] at 14:02:33
The system has recognised ['Georgakopoulos'] at 14:02:33
The system has recognised ['Georgakopoulos'] at 14:02:33
The system has recognised ['Georgakopoulos'] at 14:02:33
The system has recognised ['Georgakopoulos'] at 14:02:33
The system has recognised ['Georgakopoulos'] at 14:02:33
The system has recognised ['Georgakopoulos'] at 14:02:33
The system has recognised ['Georgakopoulos'] at 14:02:33
The system has recognised ['Georgakopoulos'] at 14:02:33
The system has recognised ['Georgakopoulos'] at 14:02:33
The system has recognised ['Georgakopoulos'] at 14:02:33
The system has recognised ['Georgakopoulos'] at 14:02:33
The system has recognised ['Georgakopoulos'] at 14:02:33
The system has recognised ['Georgakopoulos'] at 14:02:33
The system has recognised ['Georgakopoulos'] at 14:02:33
The system has recognised ['Georgakopoulos'] at 14:02:33
The system has recognised ['Georgakopoulos'] at 14:02:33
The system has recognised ['Georgakopoulos'] at 14:02:33
The system has recognised ['Georgakopoulos'] at 14:02:33
The system has recognised ['Georgakopoulos'] at 14:02:33
The system has recognised ['Georgakopoulos'] at 14:02:33
The system has recognised ['Georgakopoulos'] at 14:02:33
The system has recognised ['Georgakopoulos'] at 14:02:33
The system has recognised ['Georgakopoulos'] at 14:02:33
The system has recognised ['Georgakopoulos'] at 14:02:33
The system has recognised ['Georgakopoulos'] at 14:02:33
The system has recognised ['Georgakopoulos'] at 14:02:33
The system has recognised ['Georgakopoulos'] at 14:02:33
The system has recognised ['Georgakopoulos'] at 14:02:33
The system has recognised ['Georgakopoulos'] at 14:02:33
The system has recognised ['Georgakopoulos'] at 14:02:33
The system has recognised ['Georgakopoulos'] at 14:02:33
The system has recognised ['Georgakopoulos'] at 14:02:33
The system has recognised ['Georgakopoulos'] at 14:02:33
The system has recognised ['Georgakopoulos'] at 14:02:33
The system has recognised ['Georgakopoulos'] at 14:02:33
The system has recognised ['Georgakopoulos'] at 14:02:33
The system has recognised ['Georgakopoulos'] at 14:02:33
The system has recognised ['Georgakopoulos'] at 14:02:33
The system has recognised ['Georgakopoulos'] at 14:02:33
The system has recognised [] at 14:03:42
The system has recognised [] at 14:03:42
The system has recognised ['Georgakopoulos'] at 14:03:42
The system has recognised ['Georgakopoulos'] at 14:03:42
The system has recognised ['Georgakopoulos'] at 14:03:42
The system has recognised ['Georgakopoulos'] at 14:03:42
The system has recognised ['Georgakopoulos'] at 14:03:42
The system has recognised ['Georgakopoulos'] at 14:03:42
The system has recognised ['Georgakopoulos'] at 14:03:42
The system has recognised ['Georgakopoulos'] at 14:03:42
The system has recognised [] at 16:33:37
The system has recognised [] at 16:33:37
The system has recognised [] at 16:33:37
The system has recognised [] at 16:33:37
The system has recognised [] at 16:33:37
The system has recognised [] at 16:33:37
The system has recognised [] at 16:33:37
The system has recognised [] at 16:33:37
The system has recognised [] at 16:33:37
The system has recognised [] at 16:33:37
The system has recognised [] at 16:33:37
The system has recognised [] at 16:33:37
The system has recognised [] at 16:33:37
The system has recognised [] at 16:33:37
The system has recognised [] at 16:33:37
The system has recognised [] at 16:33:37
The system has recognised [] at 16:33:37
The system has recognised [] at 16:33:37
The system has recognised [] at 16:33:37
The system has recognised [] at 16:33:37
The system has recognised [] at 16:33:37
The system has recognised ['Dimitra'] at 16:33:37
The system has recognised ['Dimitra'] at 16:33:37
The system has recognised ['Dimitra'] at 16:33:37
The system has recognised ['Dimitra'] at 16:33:37
The system has recognised ['Dimitra'] at 16:33:37
The system has recognised ['Dimitra'] at 16:33:37
The system has recognised ['Dimitra'] at 16:33:37
The system has recognised ['Dimitra'] at 16:33:37
The system has recognised ['Dimitra'] at 16:33:37
The system has recognised ['Dimitra'] at 16:33:37
The system has recognised ['Dimitra'] at 16:33:37
The system has recognised [] at 16:33:37
The system has recognised [] at 16:33:37
The system has recognised [] at 16:33:37
The system has recognised [] at 16:33:37
The system has recognised [] at 16:33:37
The system has recognised ['Georgakopoulos'] at 16:35:03
The system has recognised ['Georgakopoulos'] at 16:35:03
The system has recognised ['Georgakopoulos'] at 16:35:03
The system has recognised ['Georgakopoulos'] at 16:35:03
The system has recognised ['Georgakopoulos'] at 16:35:03
The system has recognised [] at 16:35:03
The system has recognised ['Georgakopoulos'] at 16:35:03
The system has recognised ['Georgakopoulos'] at 16:35:03
The system has recognised ['Georgakopoulos'] at 16:35:03
The system has recognised ['Georgakopoulos'] at 16:35:03
The system has recognised ['Georgakopoulos'] at 16:35:03
The system has recognised ['Georgakopoulos'] at 16:35:03
The system has recognised ['Georgakopoulos'] at 16:35:03
The system has recognised ['Georgakopoulos', 'Dimitra'] at 16:35:03
The system has recognised ['Georgakopoulos', 'Dimitra'] at 16:35:03
The system has recognised ['Georgakopoulos', 'Dimitra'] at 16:35:03
The system has recognised ['Georgakopoulos', 'Dimitra'] at 16:35:03
The system has recognised ['Georgakopoulos', 'Dimitra'] at 16:35:03
The system has recognised ['Georgakopoulos', 'Dimitra'] at 16:35:03
The system has recognised ['Georgakopoulos', 'Dimitra'] at 16:35:03
The system has recognised ['Georgakopoulos', 'Dimitra'] at 16:35:03
The system has recognised ['Georgakopoulos', 'Dimitra'] at 16:35:03
The system has recognised ['Georgakopoulos', 'Dimitra'] at 16:35:03
The system has recognised ['Dimitra', 'Unknown'] at 16:35:03
The system has recognised ['Georgakopoulos', 'Dimitra'] at 16:35:03
The system has recognised ['Georgakopoulos'] at 16:35:03
The system has recognised ['Georgakopoulos'] at 16:35:03
The system has recognised ['Georgakopoulos'] at 16:35:03
The system has recognised ['Georgakopoulos'] at 16:35:03
The system has recognised [] at 16:35:03
The system has recognised ['Georgakopoulos'] at 16:35:03
The system has recognised ['Georgakopoulos'] at 16:35:03
The system has recognised ['Georgakopoulos'] at 16:35:03
The system has recognised ['Georgakopoulos'] at 16:35:03
The system has recognised ['Georgakopoulos'] at 16:35:03
The system has recognised ['Georgakopoulos'] at 16:35:03
The system has recognised ['Georgakopoulos'] at 16:35:03
The system has recognised ['Georgakopoulos'] at 16:35:03
The system has recognised ['Georgakopoulos'] at 16:35:03
The system has recognised ['Georgakopoulos'] at 16:35:03
The system has recognised ['Georgakopoulos'] at 16:35:03
The system has recognised ['Georgakopoulos'] at 16:35:03
The system has recognised [] at 16:35:03
The system has recognised [] at 16:35:03
The system has recognised [] at 16:35:03
The system has recognised [] at 16:35:03
The system has recognised [] at 16:35:03
The system has recognised ['Georgakopoulos'] at 16:35:03
The system has recognised ['Unknown'] at 16:35:03
The system has recognised ['Georgakopoulos'] at 16:35:03
The system has recognised ['Georgakopoulos'] at 16:35:03
The system has recognised ['Georgakopoulos'] at 16:35:03
The system has recognised [] at 16:35:03
The system has recognised ['Unknown'] at 16:35:03
The system has recognised ['Georgakopoulos'] at 16:35:03
The system has recognised ['Georgakopoulos'] at 16:35:03
The system has recognised ['Georgakopoulos'] at 16:35:03
The system has recognised ['Georgakopoulos'] at 16:35:03
The system has recognised ['Georgakopoulos'] at 16:35:03
The system has recognised ['Georgakopoulos'] at 16:35:03
The system has recognised [] at 16:35:03
The system has recognised [] at 16:35:03
The system has recognised [] at 16:35:03
The system has recognised [] at 16:35:03
The system has recognised [] at 16:35:03
The system has recognised [] at 16:35:03
The system has recognised [] at 16:35:03
The system has recognised [] at 16:35:03
The system has recognised [] at 16:35:03
The system has recognised ['Georgakopoulos'] at 16:35:03
The system has recognised ['Georgakopoulos'] at 16:35:03
The system has recognised ['Georgakopoulos'] at 16:35:03
The system has recognised ['Georgakopoulos'] at 16:35:03
The system has recognised ['Georgakopoulos'] at 16:35:03
The system has recognised ['Georgakopoulos'] at 16:35:03
The system has recognised ['Georgakopoulos'] at 16:35:03
The system has recognised ['Georgakopoulos'] at 16:35:03
The system has recognised ['Georgakopoulos'] at 16:35:03
The system has recognised ['Georgakopoulos'] at 16:35:03
The system has recognised ['Georgakopoulos'] at 16:35:03
The system has recognised ['Georgakopoulos'] at 16:35:03
The system has recognised ['Georgakopoulos'] at 16:35:03
The system has recognised ['Georgakopoulos'] at 16:35:03
The system has recognised ['Georgakopoulos'] at 16:35:03
The system has recognised ['Georgakopoulos'] at 16:35:03
The system has recognised ['Georgakopoulos'] at 16:35:03
The system has recognised ['Georgakopoulos'] at 16:35:03
The system has recognised ['Georgakopoulos'] at 16:35:03
The system has recognised ['Georgakopoulos'] at 16:35:03
The system has recognised ['Georgakopoulos'] at 19:00:01
The system has recognised ['Georgakopoulos'] at 19:00:01
The system has recognised ['Georgakopoulos'] at 19:00:01
The system has recognised ['Georgakopoulos'] at 19:00:01
The system has recognised ['Georgakopoulos'] at 19:18:40
The system has recognised ['Georgakopoulos'] at 19:18:40
The system has recognised ['Georgakopoulos'] at 19:18:40
The system has recognised ['Georgakopoulos'] at 19:18:40
The system has recognised ['Georgakopoulos'] at 19:18:40
The system has recognised ['Georgakopoulos'] at 19:18:40
The system has recognised ['Georgakopoulos'] at 19:18:40
The system has recognised ['Georgakopoulos'] at 19:18:40
The system has recognised ['Georgakopoulos'] at 19:18:40
The system has recognised ['Georgakopoulos'] at 19:18:40
The system has recognised ['Georgakopoulos'] at 19:18:40
The system has recognised ['Georgakopoulos'] at 19:18:40
The system has recognised ['Georgakopoulos'] at 19:18:40
The system has recognised ['Georgakopoulos'] at 19:18:40
The system has recognised ['Georgakopoulos'] at 19:18:40
The system has recognised ['Georgakopoulos'] at 19:18:40
The system has recognised ['Georgakopoulos'] at 19:18:40
The system has recognised ['Georgakopoulos'] at 19:18:40
The system has recognised ['Georgakopoulos'] at 19:18:40
The system has recognised ['Georgakopoulos'] at 19:18:40
The system has recognised ['Georgakopoulos'] at 19:18:40
The system has recognised ['Georgakopoulos'] at 19:18:40
The system has recognised ['Georgakopoulos'] at 19:18:40
The system has recognised ['Georgakopoulos'] at 19:18:40
The system has recognised ['Georgakopoulos'] at 19:18:40
The system has recognised ['Georgakopoulos'] at 19:18:40
The system has recognised ['Georgakopoulos'] at 19:18:40
The system has recognised ['Georgakopoulos'] at 19:18:40
The system has recognised ['Georgakopoulos'] at 19:18:40
The system has recognised ['Georgakopoulos'] at 19:18:40
The system has recognised ['Georgakopoulos'] at 19:18:40
The system has recognised ['Georgakopoulos'] at 19:18:40
The system has recognised ['Georgakopoulos'] at 19:18:40
The system has recognised ['Georgakopoulos'] at 19:18:40
The system has recognised ['Georgakopoulos'] at 19:18:40
The system has recognised ['Georgakopoulos'] at 19:18:40
The system has recognised ['Georgakopoulos'] at 19:18:40
The system has recognised ['Georgakopoulos'] at 19:18:40
The system has recognised ['Georgakopoulos'] at 19:18:40
The system has recognised ['Georgakopoulos'] at 19:18:40
The system has recognised ['Georgakopoulos'] at 19:18:40
The system has recognised ['Georgakopoulos'] at 19:18:40
The system has recognised ['Georgakopoulos'] at 19:18:40
The system has recognised ['Georgakopoulos'] at 19:18:40
The system has recognised ['Georgakopoulos'] at 19:18:40
The system has recognised ['Georgakopoulos'] at 19:18:40
The system has recognised ['Georgakopoulos'] at 19:18:40
